<?xml version="1.0" encoding="UTF-8"?>
<testng-results ignored="0" total="1" passed="0" failed="1" skipped="0">
  <reporter-output>
  </reporter-output>
  <suite started-at="2020-04-30T21:30:03 IST" name="Default suite" finished-at="2020-04-30T21:30:41 IST" duration-ms="37399">
    <groups>
    </groups>
    <test started-at="2020-04-30T21:30:03 IST" name="Default test" finished-at="2020-04-30T21:30:41 IST" duration-ms="37399">
      <class name="veri.moto.NewTest">
        <test-method is-config="true" signature="beforeClass()[pri:0, instance:veri.moto.NewTest@4c1d9d4b]" started-at="2020-04-30T21:30:04 IST" name="beforeClass" finished-at="2020-04-30T21:30:34 IST" duration-ms="30039" status="PASS">
          <reporter-output>
          </reporter-output>
        </test-method> <!-- beforeClass -->
        <test-method signature="callverimoto()[pri:0, instance:veri.moto.NewTest@4c1d9d4b]" started-at="2020-04-30T21:30:34 IST" name="callverimoto" finished-at="2020-04-30T21:30:41 IST" duration-ms="7307" status="FAIL">
          <exception class="org.openqa.selenium.NoSuchElementException">
            <message>
              <![CDATA[An element could not be located on the page using the given search parameters.
For documentation on this error, please visit: https://www.seleniumhq.org/exceptions/no_such_element.html
Build info: version: '3.141.59', revision: 'e82be7d358', time: '2018-11-14T08:17:03'
System info: host: 'LKB-L-001', ip: '192.168.43.60', os.name: 'Windows 10', os.arch: 'amd64', os.version: '10.0', java.version: '13.0.2'
Driver info: org.openqa.selenium.remote.RemoteWebDriver
Capabilities {appActivity: com.lakeba.verimoto.splashs..., appPackage: com.lakeba.verimoto, databaseEnabled: false, desired: {appActivity: com.lakeba.verimoto.splashs..., appPackage: com.lakeba.verimoto, deviceName: Android, platformName: android, udid: 03157df3b1544d35}, deviceApiLevel: 24, deviceManufacturer: samsung, deviceModel: SM-G925I, deviceName: 03157df3b1544d35, deviceScreenDensity: 640, deviceScreenSize: 1440x2560, deviceUDID: 03157df3b1544d35, javascriptEnabled: true, locationContextEnabled: false, networkConnectionEnabled: true, pixelRatio: 4, platform: LINUX, platformName: LINUX, platformVersion: 7.0, statBarHeight: 96, takesScreenshot: true, udid: 03157df3b1544d35, viewportRect: {height: 2464, left: 0, top: 96, width: 1440}, warnings: {}, webStorageEnabled: false}
Session ID: e80fdf8f-0e37-457a-8532-a7d9e08f201c
*** Element info: {Using=xpath, value=/hierarchy/android.widget.FrameLayout/android.widget.LinearLayout/android.widget.FrameLayout/android.widget.LinearLayout/android.widget.FrameLayout/android.view.ViewGroup/android.widget.Button[1]}]]>
            </message>
            <full-stacktrace>
              <![CDATA[org.openqa.selenium.NoSuchElementException: An element could not be located on the page using the given search parameters.
For documentation on this error, please visit: https://www.seleniumhq.org/exceptions/no_such_element.html
Build info: version: '3.141.59', revision: 'e82be7d358', time: '2018-11-14T08:17:03'
System info: host: 'LKB-L-001', ip: '192.168.43.60', os.name: 'Windows 10', os.arch: 'amd64', os.version: '10.0', java.version: '13.0.2'
Driver info: org.openqa.selenium.remote.RemoteWebDriver
Capabilities {appActivity: com.lakeba.verimoto.splashs..., appPackage: com.lakeba.verimoto, databaseEnabled: false, desired: {appActivity: com.lakeba.verimoto.splashs..., appPackage: com.lakeba.verimoto, deviceName: Android, platformName: android, udid: 03157df3b1544d35}, deviceApiLevel: 24, deviceManufacturer: samsung, deviceModel: SM-G925I, deviceName: 03157df3b1544d35, deviceScreenDensity: 640, deviceScreenSize: 1440x2560, deviceUDID: 03157df3b1544d35, javascriptEnabled: true, locationContextEnabled: false, networkConnectionEnabled: true, pixelRatio: 4, platform: LINUX, platformName: LINUX, platformVersion: 7.0, statBarHeight: 96, takesScreenshot: true, udid: 03157df3b1544d35, viewportRect: {height: 2464, left: 0, top: 96, width: 1440}, warnings: {}, webStorageEnabled: false}
Session ID: e80fdf8f-0e37-457a-8532-a7d9e08f201c
*** Element info: {Using=xpath, value=/hierarchy/android.widget.FrameLayout/android.widget.LinearLayout/android.widget.FrameLayout/android.widget.LinearLayout/android.widget.FrameLayout/android.view.ViewGroup/android.widget.Button[1]}
at java.base/jdk.internal.reflect.NativeConstructorAccessorImpl.newInstance0(Native Method)
at java.base/jdk.internal.reflect.NativeConstructorAccessorImpl.newInstance(NativeConstructorAccessorImpl.java:62)
at java.base/jdk.internal.reflect.DelegatingConstructorAccessorImpl.newInstance(DelegatingConstructorAccessorImpl.java:45)
at java.base/java.lang.reflect.Constructor.newInstanceWithCaller(Constructor.java:500)
at java.base/java.lang.reflect.Constructor.newInstance(Constructor.java:481)
at org.openqa.selenium.remote.http.W3CHttpResponseCodec.createException(W3CHttpResponseCodec.java:187)
at org.openqa.selenium.remote.http.W3CHttpResponseCodec.decode(W3CHttpResponseCodec.java:122)
at org.openqa.selenium.remote.http.W3CHttpResponseCodec.decode(W3CHttpResponseCodec.java:49)
at org.openqa.selenium.remote.HttpCommandExecutor.execute(HttpCommandExecutor.java:158)
at org.openqa.selenium.remote.RemoteWebDriver.execute(RemoteWebDriver.java:552)
at org.openqa.selenium.remote.RemoteWebDriver.findElement(RemoteWebDriver.java:323)
at org.openqa.selenium.remote.RemoteWebDriver.findElementByXPath(RemoteWebDriver.java:428)
at org.openqa.selenium.By$ByXPath.findElement(By.java:353)
at org.openqa.selenium.remote.RemoteWebDriver.findElement(RemoteWebDriver.java:315)
at veri.moto.NewTest.callverimoto(NewTest.java:24)
at java.base/jdk.internal.reflect.NativeMethodAccessorImpl.invoke0(Native Method)
at java.base/jdk.internal.reflect.NativeMethodAccessorImpl.invoke(NativeMethodAccessorImpl.java:62)
at java.base/jdk.internal.reflect.DelegatingMethodAccessorImpl.invoke(DelegatingMethodAccessorImpl.java:43)
at java.base/java.lang.reflect.Method.invoke(Method.java:567)
at org.testng.internal.MethodInvocationHelper.invokeMethod(MethodInvocationHelper.java:134)
at org.testng.internal.TestInvoker.invokeMethod(TestInvoker.java:597)
at org.testng.internal.TestInvoker.invokeTestMethod(TestInvoker.java:173)
at org.testng.internal.MethodRunner.runInSequence(MethodRunner.java:46)
at org.testng.internal.TestInvoker$MethodInvocationAgent.invoke(TestInvoker.java:816)
at org.testng.internal.TestInvoker.invokeTestMethods(TestInvoker.java:146)
at org.testng.internal.TestMethodWorker.invokeTestMethods(TestMethodWorker.java:146)
at org.testng.internal.TestMethodWorker.run(TestMethodWorker.java:128)
at java.base/java.util.ArrayList.forEach(ArrayList.java:1507)
at org.testng.TestRunner.privateRun(TestRunner.java:766)
at org.testng.TestRunner.run(TestRunner.java:587)
at org.testng.SuiteRunner.runTest(SuiteRunner.java:384)
at org.testng.SuiteRunner.runSequentially(SuiteRunner.java:378)
at org.testng.SuiteRunner.privateRun(SuiteRunner.java:337)
at org.testng.SuiteRunner.run(SuiteRunner.java:286)
at org.testng.SuiteRunnerWorker.runSuite(SuiteRunnerWorker.java:53)
at org.testng.SuiteRunnerWorker.run(SuiteRunnerWorker.java:96)
at org.testng.TestNG.runSuitesSequentially(TestNG.java:1187)
at org.testng.TestNG.runSuitesLocally(TestNG.java:1109)
at org.testng.TestNG.runSuites(TestNG.java:1039)
at org.testng.TestNG.run(TestNG.java:1007)
at org.testng.remote.AbstractRemoteTestNG.run(AbstractRemoteTestNG.java:115)
at org.testng.remote.RemoteTestNG.initAndRun(RemoteTestNG.java:251)
at org.testng.remote.RemoteTestNG.main(RemoteTestNG.java:77)
]]>
            </full-stacktrace>
          </exception> <!-- org.openqa.selenium.NoSuchElementException -->
          <reporter-output>
          </reporter-output>
        </test-method> <!-- callverimoto -->
        <test-method is-config="true" signature="afterClass()[pri:0, instance:veri.moto.NewTest@4c1d9d4b]" started-at="2020-04-30T21:30:41 IST" name="afterClass" finished-at="2020-04-30T21:30:41 IST" duration-ms="1" status="PASS">
          <reporter-output>
          </reporter-output>
        </test-method> <!-- afterClass -->
      </class> <!-- veri.moto.NewTest -->
    </test> <!-- Default test -->
  </suite> <!-- Default suite -->
</testng-results>
